0 info it worked if it ends with ok
1 verbose cli [ 'C:\\Program Files\\nodejs\\node.exe',
1 verbose cli   'C:\\Users\\Administrator\\AppData\\Roaming\\npm\\node_modules\\cnpm\\node_modules\\npm\\bin\\npm-cli.js',
1 verbose cli   '--userconfig=C:\\Users\\Administrator\\.cnpmrc',
1 verbose cli   '--disturl=https://npm.taobao.org/mirrors/node',
1 verbose cli   '--registry=https://registry.npm.taobao.org',
1 verbose cli   'run',
1 verbose cli   'dev' ]
2 info using npm@3.10.10
3 info using node@v8.4.0
4 verbose run-script [ 'predev', 'dev', 'postdev' ]
5 info lifecycle blog-admin@0.1.0~predev: blog-admin@0.1.0
6 silly lifecycle blog-admin@0.1.0~predev: no script for predev, continuing
7 info lifecycle blog-admin@0.1.0~dev: blog-admin@0.1.0
8 verbose lifecycle blog-admin@0.1.0~dev: unsafe-perm in lifecycle true
9 verbose lifecycle blog-admin@0.1.0~dev: PATH: C:\Users\Administrator\AppData\Roaming\npm\node_modules\cnpm\node_modules\npm\bin\node-gyp-bin;E:\project-demo\blog-admin\node_modules\.bin;C:\Users\Administrator\bin;D:\Git\mingw64\bin;D:\Git\usr\local\bin;D:\Git\usr\bin;D:\Git\usr\bin;D:\Git\mingw64\bin;D:\Git\usr\bin;C:\Users\Administrator\bin;C:\Windows\system32;C:\Windows;C:\Windows\System32\Wbem;C:\Windows\System32\WindowsPowerShell\v1.0;C:\Program Files (x86)\Windows7Master;D:\Git\cmd;C:\Program Files\nodejs;D:\mongodb\bin;C:\Program Files (x86)\Yarn\bin;C:\Users\Administrator\AppData\Local\Programs\Python\Python36-32\Scripts;C:\Users\Administrator\AppData\Local\Programs\Python\Python36-32;C:\Users\Administrator\AppData\Roaming\npm;C:\Users\Administrator\AppData\Local\Yarn\bin;D:\Git\usr\bin\vendor_perl;D:\Git\usr\bin\core_perl
10 verbose lifecycle blog-admin@0.1.0~dev: CWD: E:\project-demo\blog-admin
11 silly lifecycle blog-admin@0.1.0~dev: Args: [ '/d /s /c', 'nodemon bin/www' ]
12 silly lifecycle blog-admin@0.1.0~dev: Returned: code: 1  signal: null
13 info lifecycle blog-admin@0.1.0~dev: Failed to exec dev script
14 verbose stack Error: blog-admin@0.1.0 dev: `nodemon bin/www`
14 verbose stack Exit status 1
14 verbose stack     at EventEmitter.<anonymous> (C:\Users\Administrator\AppData\Roaming\npm\node_modules\cnpm\node_modules\npm\lib\utils\lifecycle.js:255:16)
14 verbose stack     at emitTwo (events.js:125:13)
14 verbose stack     at EventEmitter.emit (events.js:213:7)
14 verbose stack     at ChildProcess.<anonymous> (C:\Users\Administrator\AppData\Roaming\npm\node_modules\cnpm\node_modules\npm\lib\utils\spawn.js:40:14)
14 verbose stack     at emitTwo (events.js:125:13)
14 verbose stack     at ChildProcess.emit (events.js:213:7)
14 verbose stack     at maybeClose (internal/child_process.js:927:16)
14 verbose stack     at Process.ChildProcess._handle.onexit (internal/child_process.js:211:5)
15 verbose pkgid blog-admin@0.1.0
16 verbose cwd E:\project-demo\blog-admin
17 error Windows_NT 6.1.7601
18 error argv "C:\\Program Files\\nodejs\\node.exe" "C:\\Users\\Administrator\\AppData\\Roaming\\npm\\node_modules\\cnpm\\node_modules\\npm\\bin\\npm-cli.js" "--userconfig=C:\\Users\\Administrator\\.cnpmrc" "--disturl=https://npm.taobao.org/mirrors/node" "--registry=https://registry.npm.taobao.org" "run" "dev"
19 error node v8.4.0
20 error npm  v3.10.10
21 error code ELIFECYCLE
22 error blog-admin@0.1.0 dev: `nodemon bin/www`
22 error Exit status 1
23 error Failed at the blog-admin@0.1.0 dev script 'nodemon bin/www'.
23 error Make sure you have the latest version of node.js and npm installed.
23 error If you do, this is most likely a problem with the blog-admin package,
23 error not with npm itself.
23 error Tell the author that this fails on your system:
23 error     nodemon bin/www
23 error You can get information on how to open an issue for this project with:
23 error     npm bugs blog-admin
23 error Or if that isn't available, you can get their info via:
23 error     npm owner ls blog-admin
23 error There is likely additional logging output above.
24 verbose exit [ 1, true ]
